<?xml version="1.0" encoding="UTF-8"?>
<testng-results skipped="0" failed="0" total="1" passed="1">
  <reporter-output>
  </reporter-output>
  <suite name="Default suite" duration-ms="17541" started-at="2020-08-12T11:42:43Z" finished-at="2020-08-12T11:43:00Z">
    <groups>
    </groups>
    <test name="Default test" duration-ms="17541" started-at="2020-08-12T11:42:43Z" finished-at="2020-08-12T11:43:00Z">
      <class name="com.NopEcom.TestCases.VarifyValidUser">
        <test-method status="PASS" signature="TestUser()[pri:0, instance:com.NopEcom.TestCases.VarifyValidUser@1ff8b8f]" name="TestUser" duration-ms="17513" started-at="2020-08-12T17:12:43Z" finished-at="2020-08-12T17:13:00Z">
          <reporter-output>
          </reporter-output>
        </test-method> <!-- TestUser -->
      </class> <!-- com.NopEcom.TestCases.VarifyValidUser -->
    </test> <!-- Default test -->
  </suite> <!-- Default suite -->
</testng-results>
